0:0:0:0:0:0:0:1 -  -  [10/Nov/2013:12:41:37 +0000] "GET /openhab.app?sitemap=demo HTTP/1.1" 200 6324 
0:0:0:0:0:0:0:1 -  -  [10/Nov/2013:12:41:37 +0000] "GET /WebApp/Design/RenderRTL.css HTTP/1.1" 304 0 
0:0:0:0:0:0:0:1 -  -  [10/Nov/2013:12:41:37 +0000] "GET /WebApp/Design/Firefox.css HTTP/1.1" 304 0 
0:0:0:0:0:0:0:1 -  -  [10/Nov/2013:12:41:37 +0000] "GET /jquery.miniColors.css HTTP/1.1" 304 0 
0:0:0:0:0:0:0:1 -  -  [10/Nov/2013:12:41:37 +0000] "GET /WebApp/Action/Logic.js HTTP/1.1" 304 0 
0:0:0:0:0:0:0:1 -  -  [10/Nov/2013:12:41:37 +0000] "GET /WebApp/Design/Render.css HTTP/1.1" 304 0 
0:0:0:0:0:0:0:1 -  -  [10/Nov/2013:12:41:37 +0000] "GET /jquery.min.js HTTP/1.1" 304 0 
0:0:0:0:0:0:0:1 -  -  [10/Nov/2013:12:41:37 +0000] "GET /WebApp/Design/openHAB.css HTTP/1.1" 304 0 
0:0:0:0:0:0:0:1 -  -  [10/Nov/2013:12:41:37 +0000] "GET /jquery.miniColors.js HTTP/1.1" 304 0 
0:0:0:0:0:0:0:1 -  -  [10/Nov/2013:12:41:37 +0000] "GET /images/group.png HTTP/1.1" 404 1381 
0:0:0:0:0:0:0:1 -  -  [10/Nov/2013:12:41:37 +0000] "GET /images/none.png HTTP/1.1" 304 0 
0:0:0:0:0:0:0:1 -  -  [10/Nov/2013:12:41:41 +0000] "GET /openhab.app?sitemap=demo&w=00&__async=true&__source=waHome HTTP/1.1" 200 2277 
0:0:0:0:0:0:0:1 -  -  [10/Nov/2013:12:41:44 +0000] "GET /CMD?Smartbus_1_25_1=TOGGLE&__async=true&__source=wa00 HTTP/1.1" 200 0 
0:0:0:0:0:0:0:1 -  -  [10/Nov/2013:12:41:55 +0000] "GET /CMD?Smartbus_1_25_1=TOGGLE&__async=true&__source=wa00 HTTP/1.1" 200 0 
0:0:0:0:0:0:0:1 -  -  [10/Nov/2013:12:41:56 +0000] "GET /CMD?Smartbus_1_25_1=TOGGLE&__async=true&__source=wa00 HTTP/1.1" 200 0 
0:0:0:0:0:0:0:1 -  -  [10/Nov/2013:12:41:58 +0000] "GET /CMD?Smartbus_1_25_1=TOGGLE&__async=true&__source=wa00 HTTP/1.1" 200 0 
0:0:0:0:0:0:0:1 -  -  [10/Nov/2013:12:41:59 +0000] "GET /CMD?Smartbus_1_25_1=TOGGLE&__async=true&__source=wa00 HTTP/1.1" 200 0 
0:0:0:0:0:0:0:1 -  -  [10/Nov/2013:12:41:39 +0000] "GET /openhab.app?sitemap=demo&poll=true&__async=true&__source=waHome HTTP/1.1" 200 92 
0:0:0:0:0:0:0:1 -  -  [10/Nov/2013:12:41:41 +0000] "GET /openhab.app?sitemap=demo&sitemap=demo&w=00&poll=true&__async=true&__source=wa00 HTTP/1.1" 200 92 
0:0:0:0:0:0:0:1 -  -  [10/Nov/2013:12:42:11 +0000] "GET /openhab.app?sitemap=demo&sitemap=demo&w=00&poll=true&__async=true&__source=wa00 HTTP/1.1" 200 92 
0:0:0:0:0:0:0:1 -  -  [10/Nov/2013:12:42:42 +0000] "GET /openhab.app?sitemap=demo&sitemap=demo&w=00&poll=true&__async=true&__source=wa00 HTTP/1.1" 200 92 
0:0:0:0:0:0:0:1 -  -  [10/Nov/2013:12:43:12 +0000] "GET /openhab.app?sitemap=demo&sitemap=demo&w=00&poll=true&__async=true&__source=wa00 HTTP/1.1" 200 92 
0:0:0:0:0:0:0:1 -  -  [10/Nov/2013:12:43:42 +0000] "GET /openhab.app?sitemap=demo&sitemap=demo&w=00&poll=true&__async=true&__source=wa00 HTTP/1.1" 200 92 
0:0:0:0:0:0:0:1 -  -  [10/Nov/2013:12:44:13 +0000] "GET /openhab.app?sitemap=demo&sitemap=demo&w=00&poll=true&__async=true&__source=wa00 HTTP/1.1" 200 92 
0:0:0:0:0:0:0:1 -  -  [10/Nov/2013:12:44:43 +0000] "GET /openhab.app?sitemap=demo&sitemap=demo&w=00&poll=true&__async=true&__source=wa00 HTTP/1.1" 200 92 
0:0:0:0:0:0:0:1 -  -  [10/Nov/2013:12:45:13 +0000] "GET /openhab.app?sitemap=demo&sitemap=demo&w=00&poll=true&__async=true&__source=wa00 HTTP/1.1" 200 92 
0:0:0:0:0:0:0:1 -  -  [10/Nov/2013:12:45:44 +0000] "GET /openhab.app?sitemap=demo&sitemap=demo&w=00&poll=true&__async=true&__source=wa00 HTTP/1.1" 200 92 
0:0:0:0:0:0:0:1 -  -  [10/Nov/2013:12:46:14 +0000] "GET /openhab.app?sitemap=demo&sitemap=demo&w=00&poll=true&__async=true&__source=wa00 HTTP/1.1" 200 92 
0:0:0:0:0:0:0:1 -  -  [10/Nov/2013:12:46:44 +0000] "GET /openhab.app?sitemap=demo&sitemap=demo&w=00&poll=true&__async=true&__source=wa00 HTTP/1.1" 200 92 
0:0:0:0:0:0:0:1 -  -  [10/Nov/2013:12:47:15 +0000] "GET /openhab.app?sitemap=demo&sitemap=demo&w=00&poll=true&__async=true&__source=wa00 HTTP/1.1" 200 92 
0:0:0:0:0:0:0:1 -  -  [10/Nov/2013:12:47:45 +0000] "GET /openhab.app?sitemap=demo&sitemap=demo&w=00&poll=true&__async=true&__source=wa00 HTTP/1.1" 200 92 
0:0:0:0:0:0:0:1 -  -  [10/Nov/2013:12:48:16 +0000] "GET /CMD?Smartbus_1_25_1=TOGGLE&__async=true&__source=wa00 HTTP/1.1" 200 0 
0:0:0:0:0:0:0:1 -  -  [10/Nov/2013:12:48:16 +0000] "GET /CMD?Smartbus_1_25_1=TOGGLE&__async=true&__source=wa00 HTTP/1.1" 200 0 
0:0:0:0:0:0:0:1 -  -  [10/Nov/2013:12:48:35 +0000] "GET /CMD?Smartbus_1_25_3=TOGGLE&__async=true&__source=wa00 HTTP/1.1" 200 0 
0:0:0:0:0:0:0:1 -  -  [10/Nov/2013:12:48:37 +0000] "GET /CMD?Smartbus_1_25_1=TOGGLE&__async=true&__source=wa00 HTTP/1.1" 200 0 
0:0:0:0:0:0:0:1 -  -  [10/Nov/2013:12:48:38 +0000] "GET /CMD?Smartbus_1_25_3=TOGGLE&__async=true&__source=wa00 HTTP/1.1" 200 0 
0:0:0:0:0:0:0:1 -  -  [10/Nov/2013:12:48:15 +0000] "GET /openhab.app?sitemap=demo&sitemap=demo&w=00&poll=true&__async=true&__source=wa00 HTTP/1.1" 200 92 
0:0:0:0:0:0:0:1 -  -  [10/Nov/2013:12:48:45 +0000] "GET /openhab.app?sitemap=demo&sitemap=demo&w=00&poll=true&__async=true&__source=wa00 HTTP/1.1" 200 2288 
0:0:0:0:0:0:0:1 -  -  [10/Nov/2013:12:49:05 +0000] "GET /openhab.app?sitemap=demo&sitemap=demo&w=00&poll=true&__async=true&__source=wa00 HTTP/1.1" 200 2299 
0:0:0:0:0:0:0:1 -  -  [10/Nov/2013:12:49:05 +0000] "GET /openhab.app?sitemap=demo&sitemap=demo&w=00&poll=true&__async=true&__source=wa00 HTTP/1.1" 200 2310 
0:0:0:0:0:0:0:1 -  -  [10/Nov/2013:12:49:05 +0000] "GET /openhab.app?sitemap=demo&sitemap=demo&w=00&poll=true&__async=true&__source=wa00 HTTP/1.1" 200 2321 
0:0:0:0:0:0:0:1 -  -  [10/Nov/2013:12:49:06 +0000] "GET /openhab.app?sitemap=demo&sitemap=demo&w=00&poll=true&__async=true&__source=wa00 HTTP/1.1" 200 2310 
0:0:0:0:0:0:0:1 -  -  [10/Nov/2013:12:49:07 +0000] "GET /openhab.app?sitemap=demo&sitemap=demo&w=00&poll=true&__async=true&__source=wa00 HTTP/1.1" 200 2321 
0:0:0:0:0:0:0:1 -  -  [10/Nov/2013:12:49:07 +0000] "GET /openhab.app?sitemap=demo&sitemap=demo&w=00&poll=true&__async=true&__source=wa00 HTTP/1.1" 200 2332 
0:0:0:0:0:0:0:1 -  -  [10/Nov/2013:12:49:08 +0000] "GET /openhab.app?sitemap=demo&sitemap=demo&w=00&poll=true&__async=true&__source=wa00 HTTP/1.1" 200 2343 
0:0:0:0:0:0:0:1 -  -  [10/Nov/2013:12:49:32 +0000] "GET /CMD?Smartbus_1_25_2=TOGGLE&__async=true&__source=wa00 HTTP/1.1" 200 0 
0:0:0:0:0:0:0:1 -  -  [10/Nov/2013:12:49:37 +0000] "GET /CMD?Smartbus_1_25_1=TOGGLE&__async=true&__source=wa00 HTTP/1.1" 200 0 
0:0:0:0:0:0:0:1 -  -  [10/Nov/2013:12:49:08 +0000] "GET /openhab.app?sitemap=demo&sitemap=demo&w=00&poll=true&__async=true&__source=wa00 HTTP/1.1" 200 92 
0:0:0:0:0:0:0:1 -  -  [10/Nov/2013:12:49:39 +0000] "GET /openhab.app?sitemap=demo&sitemap=demo&w=00&poll=true&__async=true&__source=wa00 HTTP/1.1" 200 92 
0:0:0:0:0:0:0:1 -  -  [10/Nov/2013:12:50:09 +0000] "GET /openhab.app?sitemap=demo&sitemap=demo&w=00&poll=true&__async=true&__source=wa00 HTTP/1.1" 200 92 
0:0:0:0:0:0:0:1 -  -  [10/Nov/2013:12:50:39 +0000] "GET /openhab.app?sitemap=demo&sitemap=demo&w=00&poll=true&__async=true&__source=wa00 HTTP/1.1" 200 92 
0:0:0:0:0:0:0:1 -  -  [10/Nov/2013:12:51:09 +0000] "GET /openhab.app?sitemap=demo&sitemap=demo&w=00&poll=true&__async=true&__source=wa00 HTTP/1.1" 200 92 
0:0:0:0:0:0:0:1 -  -  [10/Nov/2013:12:51:40 +0000] "GET /openhab.app?sitemap=demo&sitemap=demo&w=00&poll=true&__async=true&__source=wa00 HTTP/1.1" 200 92 
0:0:0:0:0:0:0:1 -  -  [10/Nov/2013:12:52:10 +0000] "GET /openhab.app?sitemap=demo&sitemap=demo&w=00&poll=true&__async=true&__source=wa00 HTTP/1.1" 200 92 
0:0:0:0:0:0:0:1 -  -  [10/Nov/2013:12:52:40 +0000] "GET /openhab.app?sitemap=demo&sitemap=demo&w=00&poll=true&__async=true&__source=wa00 HTTP/1.1" 200 92 
0:0:0:0:0:0:0:1 -  -  [10/Nov/2013:12:53:11 +0000] "GET /openhab.app?sitemap=demo&sitemap=demo&w=00&poll=true&__async=true&__source=wa00 HTTP/1.1" 200 92 
0:0:0:0:0:0:0:1 -  -  [10/Nov/2013:12:53:41 +0000] "GET /openhab.app?sitemap=demo&sitemap=demo&w=00&poll=true&__async=true&__source=wa00 HTTP/1.1" 200 92 
0:0:0:0:0:0:0:1 -  -  [10/Nov/2013:12:54:11 +0000] "GET /openhab.app?sitemap=demo&sitemap=demo&w=00&poll=true&__async=true&__source=wa00 HTTP/1.1" 200 92 
0:0:0:0:0:0:0:1 -  -  [10/Nov/2013:12:54:42 +0000] "GET /openhab.app?sitemap=demo&sitemap=demo&w=00&poll=true&__async=true&__source=wa00 HTTP/1.1" 200 92 
0:0:0:0:0:0:0:1 -  -  [10/Nov/2013:12:55:12 +0000] "GET /openhab.app?sitemap=demo&sitemap=demo&w=00&poll=true&__async=true&__source=wa00 HTTP/1.1" 200 92 
0:0:0:0:0:0:0:1 -  -  [10/Nov/2013:12:55:42 +0000] "GET /openhab.app?sitemap=demo&sitemap=demo&w=00&poll=true&__async=true&__source=wa00 HTTP/1.1" 200 92 
0:0:0:0:0:0:0:1 -  -  [10/Nov/2013:12:56:13 +0000] "GET /openhab.app?sitemap=demo&sitemap=demo&w=00&poll=true&__async=true&__source=wa00 HTTP/1.1" 200 92 
0:0:0:0:0:0:0:1 -  -  [10/Nov/2013:12:56:43 +0000] "GET /openhab.app?sitemap=demo&sitemap=demo&w=00&poll=true&__async=true&__source=wa00 HTTP/1.1" 200 92 
0:0:0:0:0:0:0:1 -  -  [10/Nov/2013:12:57:13 +0000] "GET /openhab.app?sitemap=demo&sitemap=demo&w=00&poll=true&__async=true&__source=wa00 HTTP/1.1" 200 92 
0:0:0:0:0:0:0:1 -  -  [10/Nov/2013:12:57:44 +0000] "GET /openhab.app?sitemap=demo&sitemap=demo&w=00&poll=true&__async=true&__source=wa00 HTTP/1.1" 200 92 
0:0:0:0:0:0:0:1 -  -  [10/Nov/2013:12:58:14 +0000] "GET /openhab.app?sitemap=demo&sitemap=demo&w=00&poll=true&__async=true&__source=wa00 HTTP/1.1" 200 92 
0:0:0:0:0:0:0:1 -  -  [10/Nov/2013:12:58:44 +0000] "GET /openhab.app?sitemap=demo&sitemap=demo&w=00&poll=true&__async=true&__source=wa00 HTTP/1.1" 200 92 
0:0:0:0:0:0:0:1 -  -  [10/Nov/2013:12:59:15 +0000] "GET /openhab.app?sitemap=demo&sitemap=demo&w=00&poll=true&__async=true&__source=wa00 HTTP/1.1" 200 92 
0:0:0:0:0:0:0:1 -  -  [10/Nov/2013:12:59:45 +0000] "GET /openhab.app?sitemap=demo&sitemap=demo&w=00&poll=true&__async=true&__source=wa00 HTTP/1.1" 200 92 
0:0:0:0:0:0:0:1 -  -  [10/Nov/2013:13:00:15 +0000] "GET /openhab.app?sitemap=demo&sitemap=demo&w=00&poll=true&__async=true&__source=wa00 HTTP/1.1" 200 92 
