13:24:24.685 DEBUG o.o.a.m.internal.MailActivator[:34]- Mail action has been started.
13:24:24.705 DEBUG o.o.a.p.i.ProwlActivator[:34]- Prowl action has been started.
13:24:24.714 DEBUG o.o.a.t.i.TwitterActivator[:34]- Twitter action has been started.
13:24:24.742 DEBUG o.o.a.x.internal.XBMCActivator[:34]- XBMC action has been started.
13:24:24.752 DEBUG o.o.a.x.internal.XMPPActivator[:34]- XMPP action has been started.
13:24:24.769 DEBUG o.o.b.h.internal.HttpActivator[:34]- HTTP binding has been started.
13:24:24.776 DEBUG o.o.b.n.internal.NtpActivator[:31]- NTP binding has been started.
13:24:24.784 DEBUG o.o.b.s.i.SmartBusActivator[:34]- SmartBus binding has been started.
13:24:24.802 DEBUG o.o.c.s.i.SchedulerActivator[:36]- Scheduler has been started.
13:24:24.873 INFO  o.q.impl.StdSchedulerFactory[:1175]- Using default implementation for ThreadExecutor
13:24:24.899 INFO  o.q.core.SchedulerSignalerImpl[:61]- Initialized Scheduler Signaller of type: class org.quartz.core.SchedulerSignalerImpl
13:24:24.899 INFO  o.quartz.core.QuartzScheduler[:243]- Quartz Scheduler v.2.1.7 created.
13:24:24.901 INFO  org.quartz.simpl.RAMJobStore[:154]- RAMJobStore initialized.
13:24:24.902 INFO  o.quartz.core.QuartzScheduler[:268]- Scheduler meta-data: Quartz Scheduler (v2.1.7) 'openHAB-job-scheduler' with instanceId 'NON_CLUSTERED'
  Scheduler class: 'org.quartz.core.QuartzScheduler' - running locally.
  NOT STARTED.
  Currently in standby mode.
  Number of jobs executed: 0
  Using thread pool 'org.quartz.simpl.SimpleThreadPool' - with 2 threads.
  Using job-store 'org.quartz.simpl.RAMJobStore' - which does not support persistence. and is not clustered.

13:24:24.903 INFO  o.q.impl.StdSchedulerFactory[:1324]- Quartz scheduler 'openHAB-job-scheduler' initialized from specified file: './etc/quartz.properties'
13:24:24.903 INFO  o.q.impl.StdSchedulerFactory[:1328]- Quartz scheduler version: 2.1.7
13:24:24.903 INFO  o.quartz.core.QuartzScheduler[:534]- Scheduler openHAB-job-scheduler_$_NON_CLUSTERED started.
13:24:24.906 DEBUG o.o.c.core.ConfigDispatcher[:146]- Processing openHAB default configuration file 'C:\Users\tornbmat\Documents\GitHub\openhab\distribution\openhabhome\configurations\openhab_default.cfg'.
13:24:24.907 DEBUG o.o.c.core.ConfigDispatcher[:168]- Processing openHAB main configuration file 'C:\Users\tornbmat\Documents\GitHub\openhab\distribution\openhabhome\configurations\openhab.cfg'.
13:24:25.011 DEBUG o.o.c.internal.CoreActivator[:104]- UUID file already exists at 'C:\Users\tornbmat\Documents\GitHub\openhab\distribution\openhabhome\webapps\static\uuid' with content '91583f0f-3a47-40fe-a6cd-57c102f9915f'
13:24:25.303 DEBUG o.o.c.internal.CoreActivator[:170]- You are running 'v1.4.0' a potentially unstable version of openHAB. The current stable version is 'v1.3.1'.
13:24:25.306 DEBUG o.o.c.internal.CoreActivator[:126]- Created file 'C:\Users\tornbmat\Documents\GitHub\openhab\distribution\openhabhome\webapps\static\version' with content '1.4.0'
13:24:25.306 INFO  o.o.c.internal.CoreActivator[:72]- openHAB runtime has been started (v1.4.0).
13:24:26.123 DEBUG o.o.m.i.i.ItemModelActivator[:24]- Registered 'item' configuration parser
13:24:26.131 INFO  o.o.c.s.AbstractActiveService[:169]- HTTP Refresh Service has been started
13:24:26.138 INFO  o.o.c.s.AbstractActiveService[:169]- NTP Refresh Service has been started
13:24:26.138 DEBUG o.o.b.ntp.internal.NtpBinding[:77]- There is no existing NTP binding configuration => refresh cycle aborted!
13:24:26.148 DEBUG o.o.b.s.i.SmartBusBinding[:65]- transportUDP thread started!
13:24:26.150 INFO  o.o.c.s.AbstractActiveService[:169]- SmartBus Refresh Service has been started
13:24:26.150 DEBUG o.o.b.s.i.SmartBusBinding[:103]- execute() method is called!
13:24:26.151 DEBUG o.o.b.s.i.SmartBusBinding[:104]- RUNNABLE
13:24:26.172 DEBUG o.o.c.a.i.AutoUpdateActivator[:31]- AutoUpdate binding has been started.
13:24:26.243 DEBUG o.o.b.s.i.SmartBusBinding[:167]- Operation not implemented: F036
13:24:26.402 DEBUG o.o.c.i.items.ItemRegistryImpl[:137]- Item provider 'GenericItemProvider' has been added.
13:24:26.657 DEBUG o.o.m.p.i.PersistenceModelActivator[:23]- Registered 'persistence' configuration parser
13:24:26.719 DEBUG o.o.c.t.i.TransformationActivator[:38]- Transformation Service has been started.
13:24:26.828 DEBUG o.o.i.m.i.MultimediaActivator[:34]- Multimedia I/O bundle has been started.
13:24:26.882 DEBUG o.o.i.r.internal.RESTActivator[:33]- REST API has been started.
13:24:26.891 DEBUG o.o.i.s.i.DiscoveryServiceActivator[:27]- Discovery service has been started.
13:24:26.948 INFO  o.o.m.c.i.ModelRepositoryImpl[:79]- Loading model 'demo.items'
13:24:27.048 DEBUG o.o.m.i.i.GenericItemProvider[:154]- Processing binding configs for items from model 'demo.items'
13:24:27.053 DEBUG o.o.b.s.i.SmartBusBinding[:63]- processBindingConfiguration() method is called for context: demo.items, item: Smartbus_1_25_1, bindingConfig: 1,25,1, subnet: 1, device: 25, channel: 1
13:24:27.054 DEBUG o.o.b.s.i.SmartBusBinding[:63]- processBindingConfiguration() method is called for context: demo.items, item: Smartbus_1_25_2, bindingConfig: 1,25,2, subnet: 1, device: 25, channel: 2
13:24:27.055 DEBUG o.o.b.s.i.SmartBusBinding[:63]- processBindingConfiguration() method is called for context: demo.items, item: Smartbus_1_25_3, bindingConfig: 1,25,3, subnet: 1, device: 25, channel: 3
13:24:27.055 DEBUG o.o.b.s.i.SmartBusBinding[:63]- processBindingConfiguration() method is called for context: demo.items, item: Smartbus_1_25_4, bindingConfig: 1,25,4, subnet: 1, device: 25, channel: 4
13:24:27.056 DEBUG o.o.b.s.i.SmartBusBinding[:63]- processBindingConfiguration() method is called for context: demo.items, item: Smartbus_1_25_5, bindingConfig: 1,25,5, subnet: 1, device: 25, channel: 5
13:24:27.056 DEBUG o.o.b.s.i.SmartBusBinding[:63]- processBindingConfiguration() method is called for context: demo.items, item: Smartbus_1_25_6, bindingConfig: 1,25,6, subnet: 1, device: 25, channel: 6
13:24:27.056 DEBUG o.o.b.s.i.SmartBusBinding[:63]- processBindingConfiguration() method is called for context: demo.items, item: Smartbus_1_25_7, bindingConfig: 1,25,7, subnet: 1, device: 25, channel: 7
13:24:27.057 DEBUG o.o.b.s.i.SmartBusBinding[:63]- processBindingConfiguration() method is called for context: demo.items, item: Smartbus_1_25_8, bindingConfig: 1,25,8, subnet: 1, device: 25, channel: 8
13:24:27.057 DEBUG o.o.m.i.i.GenericItemProvider[:133]- Read items from model 'demo.items'
13:24:28.502 DEBUG o.o.m.r.i.RuleModelActivator[:42]- Registered 'rules' configuration parser
13:24:28.513 DEBUG o.o.m.r.i.engine.RuleEngine[:78]- Started rule engine
13:24:28.519 DEBUG o.o.p.d.internal.Db4oActivator[:24]- db4o persistence bundle has been started.
13:24:28.941 DEBUG o.o.p.d.i.Db4oPersistenceService[:217]- Scheduled Commit-Job with interval 5sec.
13:24:28.987 DEBUG o.o.p.d.i.Db4oPersistenceService[:230]- Scheduled Backup-Job with cron expression '0 0 1 * * ?'
13:24:28.988 DEBUG o.o.c.p.i.PersistenceManager[:146]- Initializing db4o persistence service.
13:24:28.993 DEBUG o.o.m.c.i.ModelRepositoryImpl[:63]- Configuration model 'db4o.persist' can not be found
13:24:28.997 DEBUG o.o.p.r.i.RRD4jActivator[:31]- RRD4j persistence bundle has been started.
13:24:29.014 DEBUG o.o.c.p.i.PersistenceManager[:146]- Initializing rrd4j persistence service.
13:24:29.014 DEBUG o.o.m.c.i.ModelRepositoryImpl[:63]- Configuration model 'rrd4j.persist' can not be found
13:24:29.219 DEBUG o.o.m.s.i.SitemapModelActivator[:23]- Registered 'sitemap' configuration parser
13:24:29.569 INFO  o.o.i.s.i.DiscoveryServiceImpl[:72]- mDNS service has been started
13:24:29.735 INFO  o.a.cpr.AtmosphereFramework[:742]- Installing BroadcastFilter class(es) org.atmosphere.client.FormParamFilter
13:24:29.749 INFO  o.a.cpr.AtmosphereFramework[:1118]- Auto detecting atmosphere handlers /WEB-INF/classes/
13:24:29.756 WARN  o.a.cpr.AtmosphereFramework[:814]- Missing META-INF/atmosphere.xml but found the Jersey runtime. Starting Jersey
13:24:29.775 INFO  o.a.cpr.AtmosphereFramework[:364]- Installed AtmosphereHandler org.atmosphere.handler.ReflectorServletProcessor mapped to context-path: /*
13:24:29.776 INFO  o.a.cpr.AtmosphereFramework[:1173]- Auto detecting WebSocketHandler in /WEB-INF/classes/
13:24:29.803 INFO  o.a.cpr.AtmosphereFramework[:1099]- Atmosphere is using async support: org.atmosphere.container.JettyAsyncSupportWithWebSocket running under container: jetty/8.1.3.v20120522 with WebSocket enabled.
13:24:29.804 INFO  o.a.cpr.AtmosphereFramework[:902]- Installed WebSocketProtocol org.atmosphere.websocket.protocol.SimpleHttpProtocol 
13:24:29.817 INFO  o.a.h.ReflectorServletProcessor[:126]- Installing Servlet com.sun.jersey.spi.container.servlet.ServletContainer
13:24:29.971 INFO  c.s.j.s.i.a.WebApplicationImpl[:791]- Initiating Jersey application, version 'Jersey: 1.11 12/09/2011 11:05 AM'
13:24:29.974 INFO  c.s.j.s.i.a.WebApplicationImpl[:802]- Adding the following classes declared in META-INF/services/jersey-server-components to the resource configuration:
  class org.atmosphere.jersey.AtmosphereResourceConfigurator
13:24:30.033 INFO  c.s.j.s.i.a.DeferredResourceConfig[:97]- Instantiated the Application class org.openhab.io.rest.internal.RESTApplication
13:24:30.912 INFO  o.a.cpr.AtmosphereFramework[:589]- Installed Default AtmosphereInterceptor [Android Interceptor Support, SSE Interceptor Support, JSONP Interceptor Support]. Set org.atmosphere.cpr.AtmosphereInterceptor.disableDefaults in your xml to disable them.
13:24:30.913 WARN  o.a.cpr.AtmosphereFramework[:509]- No BroadcasterCache configured. Broadcasted message between client reconnection will be LOST. It is recommended to configure the HeaderBroadcasterCache.
13:24:30.915 WARN  o.a.cpr.AtmosphereFramework[:533]- Neither TrackMessageSizeInterceptor or TrackMessageSizeFilter are installed. atmosphere.js may receive glued and incomplete message.
13:24:30.916 INFO  o.a.cpr.AtmosphereFramework[:537]- HttpSession supported: false
13:24:30.916 INFO  o.a.cpr.AtmosphereFramework[:538]- Using BroadcasterFactory: org.atmosphere.cpr.DefaultBroadcasterFactory
13:24:30.916 INFO  o.a.cpr.AtmosphereFramework[:539]- Using WebSocketProcessor: org.atmosphere.websocket.DefaultWebSocketProcessor
13:24:30.916 INFO  o.a.cpr.AtmosphereFramework[:540]- Using Broadcaster: org.atmosphere.jersey.JerseyBroadcaster
13:24:30.919 INFO  o.a.cpr.AtmosphereFramework[:541]- Atmosphere Framework 1.0.4 started.
13:24:30.919 INFO  o.o.i.r.i.RESTApplication[:138]- Started REST API at /rest
13:24:30.922 DEBUG o.o.i.s.i.DiscoveryServiceImpl[:43]- Registering new service _openhab-server._tcp.local. at port 8080
13:24:33.295 DEBUG o.o.b.s.i.SmartBusBinding[:167]- Operation not implemented: F036
13:24:37.127 INFO  o.o.m.c.i.ModelRepositoryImpl[:79]- Loading model 'demo.sitemap'
13:24:37.160 DEBUG o.o.i.s.i.DiscoveryServiceImpl[:43]- Registering new service _openhab-server-ssl._tcp.local. at port 8443
13:24:39.803 DEBUG o.o.p.r.i.c.RRD4jChartServlet[:110]- Starting up rrd chart servlet at /rrdchart.png
13:24:39.886 INFO  o.o.u.w.i.s.WebAppServlet[:79]- Started Classic UI at /openhab.app
13:24:40.350 DEBUG o.o.b.s.i.SmartBusBinding[:167]- Operation not implemented: F036
13:24:47.415 DEBUG o.o.b.s.i.SmartBusBinding[:167]- Operation not implemented: F036
13:24:54.468 DEBUG o.o.b.s.i.SmartBusBinding[:167]- Operation not implemented: F036
13:25:01.521 DEBUG o.o.b.s.i.SmartBusBinding[:167]- Operation not implemented: F036
13:25:08.587 DEBUG o.o.b.s.i.SmartBusBinding[:167]- Operation not implemented: F036
13:25:15.640 DEBUG o.o.b.s.i.SmartBusBinding[:167]- Operation not implemented: F036
13:25:22.694 DEBUG o.o.b.s.i.SmartBusBinding[:167]- Operation not implemented: F036
13:25:29.759 DEBUG o.o.b.s.i.SmartBusBinding[:167]- Operation not implemented: F036
13:25:36.812 DEBUG o.o.b.s.i.SmartBusBinding[:167]- Operation not implemented: F036
13:25:43.866 DEBUG o.o.b.s.i.SmartBusBinding[:167]- Operation not implemented: F036
13:25:50.932 DEBUG o.o.b.s.i.SmartBusBinding[:167]- Operation not implemented: F036
13:25:57.986 DEBUG o.o.b.s.i.SmartBusBinding[:167]- Operation not implemented: F036
13:26:05.040 DEBUG o.o.b.s.i.SmartBusBinding[:167]- Operation not implemented: F036
13:26:12.104 DEBUG o.o.b.s.i.SmartBusBinding[:167]- Operation not implemented: F036
13:26:19.158 DEBUG o.o.b.s.i.SmartBusBinding[:167]- Operation not implemented: F036
13:26:26.152 DEBUG o.o.b.s.i.SmartBusBinding[:103]- execute() method is called!
13:26:26.152 DEBUG o.o.b.s.i.SmartBusBinding[:104]- RUNNABLE
13:26:26.211 DEBUG o.o.b.s.i.SmartBusBinding[:167]- Operation not implemented: F036
13:26:33.277 DEBUG o.o.b.s.i.SmartBusBinding[:167]- Operation not implemented: F036
13:26:40.330 DEBUG o.o.b.s.i.SmartBusBinding[:167]- Operation not implemented: F036
13:26:47.383 DEBUG o.o.b.s.i.SmartBusBinding[:167]- Operation not implemented: F036
13:26:54.450 DEBUG o.o.b.s.i.SmartBusBinding[:167]- Operation not implemented: F036
13:27:01.503 DEBUG o.o.b.s.i.SmartBusBinding[:167]- Operation not implemented: F036
13:27:08.557 DEBUG o.o.b.s.i.SmartBusBinding[:167]- Operation not implemented: F036
13:27:15.622 DEBUG o.o.b.s.i.SmartBusBinding[:167]- Operation not implemented: F036
13:27:22.675 DEBUG o.o.b.s.i.SmartBusBinding[:167]- Operation not implemented: F036
13:27:29.729 DEBUG o.o.b.s.i.SmartBusBinding[:167]- Operation not implemented: F036
13:27:36.794 DEBUG o.o.b.s.i.SmartBusBinding[:167]- Operation not implemented: F036
13:27:43.848 DEBUG o.o.b.s.i.SmartBusBinding[:167]- Operation not implemented: F036
13:27:50.901 DEBUG o.o.b.s.i.SmartBusBinding[:167]- Operation not implemented: F036
13:27:57.967 DEBUG o.o.b.s.i.SmartBusBinding[:167]- Operation not implemented: F036
13:28:05.021 DEBUG o.o.b.s.i.SmartBusBinding[:167]- Operation not implemented: F036
13:28:12.074 DEBUG o.o.b.s.i.SmartBusBinding[:167]- Operation not implemented: F036
13:28:19.140 DEBUG o.o.b.s.i.SmartBusBinding[:167]- Operation not implemented: F036
13:28:26.153 DEBUG o.o.b.s.i.SmartBusBinding[:103]- execute() method is called!
13:28:26.153 DEBUG o.o.b.s.i.SmartBusBinding[:104]- RUNNABLE
13:28:26.193 DEBUG o.o.b.s.i.SmartBusBinding[:167]- Operation not implemented: F036
13:28:33.247 DEBUG o.o.b.s.i.SmartBusBinding[:167]- Operation not implemented: F036
13:28:33.571 INFO  o.o.i.r.i.RESTApplication[:154]- Stopped REST API
13:28:33.572 DEBUG o.o.i.s.i.DiscoveryServiceImpl[:57]- Unregistering service _openhab-server._tcp.local. at port 8080
13:28:33.936 DEBUG o.o.p.d.i.Db4oPersistenceService[:275]- Cannot roll back transaction because database is closed: null
13:28:35.573 DEBUG o.o.i.s.i.DiscoveryServiceImpl[:57]- Unregistering service _openhab-server-ssl._tcp.local. at port 8443
13:28:37.577 INFO  o.o.u.w.i.s.WebAppServlet[:90]- Stopped Classic UI
13:33:20.541 DEBUG o.o.a.m.internal.MailActivator[:34]- Mail action has been started.
13:33:20.562 DEBUG o.o.a.p.i.ProwlActivator[:34]- Prowl action has been started.
13:33:20.572 DEBUG o.o.a.t.i.TwitterActivator[:34]- Twitter action has been started.
13:33:20.599 DEBUG o.o.a.x.internal.XBMCActivator[:34]- XBMC action has been started.
13:33:20.611 DEBUG o.o.a.x.internal.XMPPActivator[:34]- XMPP action has been started.
13:33:20.634 DEBUG o.o.b.h.internal.HttpActivator[:34]- HTTP binding has been started.
13:33:20.646 DEBUG o.o.b.n.internal.NtpActivator[:31]- NTP binding has been started.
13:33:20.656 DEBUG o.o.b.s.i.SmartBusActivator[:34]- SmartBus binding has been started.
13:33:20.682 DEBUG o.o.c.s.i.SchedulerActivator[:36]- Scheduler has been started.
13:33:20.770 INFO  o.q.impl.StdSchedulerFactory[:1175]- Using default implementation for ThreadExecutor
13:33:20.803 INFO  o.q.core.SchedulerSignalerImpl[:61]- Initialized Scheduler Signaller of type: class org.quartz.core.SchedulerSignalerImpl
13:33:20.804 INFO  o.quartz.core.QuartzScheduler[:243]- Quartz Scheduler v.2.1.7 created.
13:33:20.806 INFO  org.quartz.simpl.RAMJobStore[:154]- RAMJobStore initialized.
13:33:20.809 INFO  o.quartz.core.QuartzScheduler[:268]- Scheduler meta-data: Quartz Scheduler (v2.1.7) 'openHAB-job-scheduler' with instanceId 'NON_CLUSTERED'
  Scheduler class: 'org.quartz.core.QuartzScheduler' - running locally.
  NOT STARTED.
  Currently in standby mode.
  Number of jobs executed: 0
  Using thread pool 'org.quartz.simpl.SimpleThreadPool' - with 2 threads.
  Using job-store 'org.quartz.simpl.RAMJobStore' - which does not support persistence. and is not clustered.

13:33:20.810 INFO  o.q.impl.StdSchedulerFactory[:1324]- Quartz scheduler 'openHAB-job-scheduler' initialized from specified file: './etc/quartz.properties'
13:33:20.810 INFO  o.q.impl.StdSchedulerFactory[:1328]- Quartz scheduler version: 2.1.7
13:33:20.811 INFO  o.quartz.core.QuartzScheduler[:534]- Scheduler openHAB-job-scheduler_$_NON_CLUSTERED started.
13:33:20.816 DEBUG o.o.c.core.ConfigDispatcher[:146]- Processing openHAB default configuration file 'C:\Users\tornbmat\Documents\GitHub\openhab\distribution\openhabhome\configurations\openhab_default.cfg'.
13:33:20.817 DEBUG o.o.c.core.ConfigDispatcher[:168]- Processing openHAB main configuration file 'C:\Users\tornbmat\Documents\GitHub\openhab\distribution\openhabhome\configurations\openhab.cfg'.
13:33:20.926 DEBUG o.o.c.internal.CoreActivator[:104]- UUID file already exists at 'C:\Users\tornbmat\Documents\GitHub\openhab\distribution\openhabhome\webapps\static\uuid' with content '91583f0f-3a47-40fe-a6cd-57c102f9915f'
13:33:21.293 DEBUG o.o.c.internal.CoreActivator[:170]- You are running 'v1.4.0' a potentially unstable version of openHAB. The current stable version is 'v1.3.1'.
13:33:21.295 DEBUG o.o.c.internal.CoreActivator[:126]- Created file 'C:\Users\tornbmat\Documents\GitHub\openhab\distribution\openhabhome\webapps\static\version' with content '1.4.0'
13:33:21.296 INFO  o.o.c.internal.CoreActivator[:72]- openHAB runtime has been started (v1.4.0).
13:33:22.256 DEBUG o.o.m.i.i.ItemModelActivator[:24]- Registered 'item' configuration parser
13:33:22.263 INFO  o.o.c.s.AbstractActiveService[:169]- HTTP Refresh Service has been started
13:33:22.272 INFO  o.o.c.s.AbstractActiveService[:169]- NTP Refresh Service has been started
13:33:22.273 DEBUG o.o.b.ntp.internal.NtpBinding[:77]- There is no existing NTP binding configuration => refresh cycle aborted!
13:33:22.283 DEBUG o.o.b.s.i.SmartBusBinding[:65]- transportUDP thread started!
13:33:22.285 INFO  o.o.c.s.AbstractActiveService[:169]- SmartBus Refresh Service has been started
13:33:22.285 DEBUG o.o.b.s.i.SmartBusBinding[:103]- execute() method is called!
13:33:22.286 DEBUG o.o.b.s.i.SmartBusBinding[:104]- RUNNABLE
13:33:22.314 DEBUG o.o.c.a.i.AutoUpdateActivator[:31]- AutoUpdate binding has been started.
13:33:22.587 DEBUG o.o.c.i.items.ItemRegistryImpl[:137]- Item provider 'GenericItemProvider' has been added.
13:33:22.698 DEBUG o.o.b.s.i.SmartBusBinding[:167]- Operation not implemented: F036
13:33:22.851 DEBUG o.o.m.p.i.PersistenceModelActivator[:23]- Registered 'persistence' configuration parser
13:33:22.909 DEBUG o.o.c.t.i.TransformationActivator[:38]- Transformation Service has been started.
13:33:22.995 DEBUG o.o.i.m.i.MultimediaActivator[:34]- Multimedia I/O bundle has been started.
13:33:23.076 DEBUG o.o.i.r.internal.RESTActivator[:33]- REST API has been started.
13:33:23.096 DEBUG o.o.i.s.i.DiscoveryServiceActivator[:27]- Discovery service has been started.
13:33:23.114 INFO  o.o.m.c.i.ModelRepositoryImpl[:79]- Loading model 'demo.items'
13:33:23.241 DEBUG o.o.m.i.i.GenericItemProvider[:154]- Processing binding configs for items from model 'demo.items'
13:33:23.246 DEBUG o.o.b.s.i.SmartBusBinding[:63]- processBindingConfiguration() method is called for context: demo.items, item: Smartbus_1_25_1, bindingConfig: 1,25,1, subnet: 1, device: 25, channel: 1
13:33:23.246 DEBUG o.o.b.s.i.SmartBusBinding[:63]- processBindingConfiguration() method is called for context: demo.items, item: Smartbus_1_25_2, bindingConfig: 1,25,2, subnet: 1, device: 25, channel: 2
13:33:23.247 DEBUG o.o.b.s.i.SmartBusBinding[:63]- processBindingConfiguration() method is called for context: demo.items, item: Smartbus_1_25_3, bindingConfig: 1,25,3, subnet: 1, device: 25, channel: 3
13:33:23.248 DEBUG o.o.b.s.i.SmartBusBinding[:63]- processBindingConfiguration() method is called for context: demo.items, item: Smartbus_1_25_4, bindingConfig: 1,25,4, subnet: 1, device: 25, channel: 4
13:33:23.248 DEBUG o.o.b.s.i.SmartBusBinding[:63]- processBindingConfiguration() method is called for context: demo.items, item: Smartbus_1_25_5, bindingConfig: 1,25,5, subnet: 1, device: 25, channel: 5
13:33:23.249 DEBUG o.o.b.s.i.SmartBusBinding[:63]- processBindingConfiguration() method is called for context: demo.items, item: Smartbus_1_25_6, bindingConfig: 1,25,6, subnet: 1, device: 25, channel: 6
13:33:23.249 DEBUG o.o.b.s.i.SmartBusBinding[:63]- processBindingConfiguration() method is called for context: demo.items, item: Smartbus_1_25_7, bindingConfig: 1,25,7, subnet: 1, device: 25, channel: 7
13:33:23.250 DEBUG o.o.b.s.i.SmartBusBinding[:63]- processBindingConfiguration() method is called for context: demo.items, item: Smartbus_1_25_8, bindingConfig: 1,25,8, subnet: 1, device: 25, channel: 8
13:33:23.250 DEBUG o.o.m.i.i.GenericItemProvider[:133]- Read items from model 'demo.items'
13:33:24.988 DEBUG o.o.m.r.i.RuleModelActivator[:42]- Registered 'rules' configuration parser
13:33:25.002 DEBUG o.o.m.r.i.engine.RuleEngine[:78]- Started rule engine
13:33:25.009 DEBUG o.o.p.d.internal.Db4oActivator[:24]- db4o persistence bundle has been started.
13:33:25.571 DEBUG o.o.p.d.i.Db4oPersistenceService[:217]- Scheduled Commit-Job with interval 5sec.
13:33:25.587 DEBUG o.o.p.d.i.Db4oPersistenceService[:230]- Scheduled Backup-Job with cron expression '0 0 1 * * ?'
13:33:25.589 DEBUG o.o.c.p.i.PersistenceManager[:146]- Initializing db4o persistence service.
13:33:25.594 DEBUG o.o.m.c.i.ModelRepositoryImpl[:63]- Configuration model 'db4o.persist' can not be found
13:33:25.600 DEBUG o.o.p.r.i.RRD4jActivator[:31]- RRD4j persistence bundle has been started.
13:33:25.619 DEBUG o.o.c.p.i.PersistenceManager[:146]- Initializing rrd4j persistence service.
13:33:25.620 DEBUG o.o.m.c.i.ModelRepositoryImpl[:63]- Configuration model 'rrd4j.persist' can not be found
13:33:25.830 DEBUG o.o.m.s.i.SitemapModelActivator[:23]- Registered 'sitemap' configuration parser
13:33:26.257 INFO  o.o.i.s.i.DiscoveryServiceImpl[:72]- mDNS service has been started
13:33:26.457 INFO  o.a.cpr.AtmosphereFramework[:742]- Installing BroadcastFilter class(es) org.atmosphere.client.FormParamFilter
13:33:26.474 INFO  o.a.cpr.AtmosphereFramework[:1118]- Auto detecting atmosphere handlers /WEB-INF/classes/
13:33:26.483 WARN  o.a.cpr.AtmosphereFramework[:814]- Missing META-INF/atmosphere.xml but found the Jersey runtime. Starting Jersey
13:33:26.514 INFO  o.a.cpr.AtmosphereFramework[:364]- Installed AtmosphereHandler org.atmosphere.handler.ReflectorServletProcessor mapped to context-path: /*
13:33:26.514 INFO  o.a.cpr.AtmosphereFramework[:1173]- Auto detecting WebSocketHandler in /WEB-INF/classes/
13:33:26.546 INFO  o.a.cpr.AtmosphereFramework[:1099]- Atmosphere is using async support: org.atmosphere.container.JettyAsyncSupportWithWebSocket running under container: jetty/8.1.3.v20120522 with WebSocket enabled.
13:33:26.547 INFO  o.a.cpr.AtmosphereFramework[:902]- Installed WebSocketProtocol org.atmosphere.websocket.protocol.SimpleHttpProtocol 
13:33:26.564 INFO  o.a.h.ReflectorServletProcessor[:126]- Installing Servlet com.sun.jersey.spi.container.servlet.ServletContainer
13:33:26.738 INFO  c.s.j.s.i.a.WebApplicationImpl[:791]- Initiating Jersey application, version 'Jersey: 1.11 12/09/2011 11:05 AM'
13:33:26.742 INFO  c.s.j.s.i.a.WebApplicationImpl[:802]- Adding the following classes declared in META-INF/services/jersey-server-components to the resource configuration:
  class org.atmosphere.jersey.AtmosphereResourceConfigurator
13:33:26.821 INFO  c.s.j.s.i.a.DeferredResourceConfig[:97]- Instantiated the Application class org.openhab.io.rest.internal.RESTApplication
13:33:27.839 INFO  o.a.cpr.AtmosphereFramework[:589]- Installed Default AtmosphereInterceptor [Android Interceptor Support, SSE Interceptor Support, JSONP Interceptor Support]. Set org.atmosphere.cpr.AtmosphereInterceptor.disableDefaults in your xml to disable them.
13:33:27.840 WARN  o.a.cpr.AtmosphereFramework[:509]- No BroadcasterCache configured. Broadcasted message between client reconnection will be LOST. It is recommended to configure the HeaderBroadcasterCache.
13:33:27.842 WARN  o.a.cpr.AtmosphereFramework[:533]- Neither TrackMessageSizeInterceptor or TrackMessageSizeFilter are installed. atmosphere.js may receive glued and incomplete message.
13:33:27.842 INFO  o.a.cpr.AtmosphereFramework[:537]- HttpSession supported: false
13:33:27.843 INFO  o.a.cpr.AtmosphereFramework[:538]- Using BroadcasterFactory: org.atmosphere.cpr.DefaultBroadcasterFactory
13:33:27.843 INFO  o.a.cpr.AtmosphereFramework[:539]- Using WebSocketProcessor: org.atmosphere.websocket.DefaultWebSocketProcessor
13:33:27.843 INFO  o.a.cpr.AtmosphereFramework[:540]- Using Broadcaster: org.atmosphere.jersey.JerseyBroadcaster
13:33:27.845 INFO  o.a.cpr.AtmosphereFramework[:541]- Atmosphere Framework 1.0.4 started.
13:33:27.846 INFO  o.o.i.r.i.RESTApplication[:138]- Started REST API at /rest
13:33:27.848 DEBUG o.o.i.s.i.DiscoveryServiceImpl[:43]- Registering new service _openhab-server._tcp.local. at port 8080
13:33:29.661 DEBUG o.o.b.s.i.SmartBusBinding[:167]- Operation not implemented: F036
13:33:33.316 INFO  o.o.m.c.i.ModelRepositoryImpl[:79]- Loading model 'demo.sitemap'
13:33:33.992 DEBUG o.o.i.s.i.DiscoveryServiceImpl[:43]- Registering new service _openhab-server-ssl._tcp.local. at port 8443
13:33:36.631 DEBUG o.o.p.r.i.c.RRD4jChartServlet[:110]- Starting up rrd chart servlet at /rrdchart.png
13:33:36.698 INFO  o.o.u.w.i.s.WebAppServlet[:79]- Started Classic UI at /openhab.app
13:33:36.822 DEBUG o.o.b.s.i.SmartBusBinding[:167]- Operation not implemented: F036
13:33:43.780 DEBUG o.o.b.s.i.SmartBusBinding[:167]- Operation not implemented: F036
13:33:50.851 DEBUG o.o.b.s.i.SmartBusBinding[:167]- Operation not implemented: F036
13:33:57.916 DEBUG o.o.b.s.i.SmartBusBinding[:167]- Operation not implemented: F036
13:34:04.982 DEBUG o.o.b.s.i.SmartBusBinding[:167]- Operation not implemented: F036
13:34:12.047 DEBUG o.o.b.s.i.SmartBusBinding[:167]- Operation not implemented: F036
13:34:19.112 DEBUG o.o.b.s.i.SmartBusBinding[:167]- Operation not implemented: F036
13:34:26.179 DEBUG o.o.b.s.i.SmartBusBinding[:167]- Operation not implemented: F036
13:34:33.244 DEBUG o.o.b.s.i.SmartBusBinding[:167]- Operation not implemented: F036
13:34:40.245 DEBUG o.o.b.s.i.SmartBusBinding[:167]- Operation not implemented: F036
13:34:47.375 DEBUG o.o.b.s.i.SmartBusBinding[:167]- Operation not implemented: F036
13:34:54.440 DEBUG o.o.b.s.i.SmartBusBinding[:167]- Operation not implemented: F036
13:35:01.506 DEBUG o.o.b.s.i.SmartBusBinding[:167]- Operation not implemented: F036
13:35:08.571 DEBUG o.o.b.s.i.SmartBusBinding[:167]- Operation not implemented: F036
13:35:15.525 DEBUG o.o.b.s.i.SmartBusBinding[:167]- Operation not implemented: F036
13:35:22.287 DEBUG o.o.b.s.i.SmartBusBinding[:103]- execute() method is called!
13:35:22.287 DEBUG o.o.b.s.i.SmartBusBinding[:104]- RUNNABLE
13:35:22.600 DEBUG o.o.b.s.i.SmartBusBinding[:167]- Operation not implemented: F036
13:35:29.665 DEBUG o.o.b.s.i.SmartBusBinding[:167]- Operation not implemented: F036
13:35:36.731 DEBUG o.o.b.s.i.SmartBusBinding[:167]- Operation not implemented: F036
13:35:43.797 DEBUG o.o.b.s.i.SmartBusBinding[:167]- Operation not implemented: F036
13:35:50.862 DEBUG o.o.b.s.i.SmartBusBinding[:167]- Operation not implemented: F036
13:35:57.928 DEBUG o.o.b.s.i.SmartBusBinding[:167]- Operation not implemented: F036
13:36:04.993 DEBUG o.o.b.s.i.SmartBusBinding[:167]- Operation not implemented: F036
13:36:12.059 DEBUG o.o.b.s.i.SmartBusBinding[:167]- Operation not implemented: F036
13:36:19.042 DEBUG o.o.b.s.i.SmartBusBinding[:167]- Operation not implemented: F036
13:36:26.190 DEBUG o.o.b.s.i.SmartBusBinding[:167]- Operation not implemented: F036
13:36:33.255 DEBUG o.o.b.s.i.SmartBusBinding[:167]- Operation not implemented: F036
13:36:40.319 DEBUG o.o.b.s.i.SmartBusBinding[:167]- Operation not implemented: F036
13:36:47.385 DEBUG o.o.b.s.i.SmartBusBinding[:167]- Operation not implemented: F036
13:36:54.349 DEBUG o.o.b.s.i.SmartBusBinding[:167]- Operation not implemented: F036
13:37:01.415 DEBUG o.o.b.s.i.SmartBusBinding[:167]- Operation not implemented: F036
13:37:08.453 DEBUG o.o.b.s.i.SmartBusBinding[:167]- Operation not implemented: F036
13:37:15.506 DEBUG o.o.b.s.i.SmartBusBinding[:167]- Operation not implemented: F036
13:37:22.288 DEBUG o.o.b.s.i.SmartBusBinding[:103]- execute() method is called!
13:37:22.288 DEBUG o.o.b.s.i.SmartBusBinding[:104]- RUNNABLE
13:37:22.611 DEBUG o.o.b.s.i.SmartBusBinding[:167]- Operation not implemented: F036
13:37:29.677 DEBUG o.o.b.s.i.SmartBusBinding[:167]- Operation not implemented: F036
13:37:36.743 DEBUG o.o.b.s.i.SmartBusBinding[:167]- Operation not implemented: F036
13:37:43.808 DEBUG o.o.b.s.i.SmartBusBinding[:167]- Operation not implemented: F036
13:37:50.797 DEBUG o.o.b.s.i.SmartBusBinding[:167]- Operation not implemented: F036
13:38:05.004 DEBUG o.o.b.s.i.SmartBusBinding[:167]- Operation not implemented: F036
13:38:11.971 DEBUG o.o.b.s.i.SmartBusBinding[:167]- Operation not implemented: F036
13:38:19.033 DEBUG o.o.b.s.i.SmartBusBinding[:167]- Operation not implemented: F036
13:38:26.098 DEBUG o.o.b.s.i.SmartBusBinding[:167]- Operation not implemented: F036
13:38:33.164 DEBUG o.o.b.s.i.SmartBusBinding[:167]- Operation not implemented: F036
13:38:40.229 DEBUG o.o.b.s.i.SmartBusBinding[:167]- Operation not implemented: F036
13:38:47.251 DEBUG o.o.b.s.i.SmartBusBinding[:167]- Operation not implemented: F036
13:38:54.315 DEBUG o.o.b.s.i.SmartBusBinding[:167]- Operation not implemented: F036
13:39:01.368 DEBUG o.o.b.s.i.SmartBusBinding[:167]- Operation not implemented: F036
13:39:08.492 DEBUG o.o.b.s.i.SmartBusBinding[:167]- Operation not implemented: F036
13:39:15.557 DEBUG o.o.b.s.i.SmartBusBinding[:167]- Operation not implemented: F036
13:39:22.289 DEBUG o.o.b.s.i.SmartBusBinding[:103]- execute() method is called!
13:39:22.289 DEBUG o.o.b.s.i.SmartBusBinding[:104]- RUNNABLE
13:39:22.623 DEBUG o.o.b.s.i.SmartBusBinding[:167]- Operation not implemented: F036
13:39:29.688 DEBUG o.o.b.s.i.SmartBusBinding[:167]- Operation not implemented: F036
13:39:36.753 DEBUG o.o.b.s.i.SmartBusBinding[:167]- Operation not implemented: F036
13:39:43.819 DEBUG o.o.b.s.i.SmartBusBinding[:167]- Operation not implemented: F036
13:39:50.782 DEBUG o.o.b.s.i.SmartBusBinding[:167]- Operation not implemented: F036
13:39:57.848 DEBUG o.o.b.s.i.SmartBusBinding[:167]- Operation not implemented: F036
13:40:04.940 DEBUG o.o.b.s.i.SmartBusBinding[:167]- Operation not implemented: F036
13:40:11.979 DEBUG o.o.b.s.i.SmartBusBinding[:167]- Operation not implemented: F036
13:40:26.109 DEBUG o.o.b.s.i.SmartBusBinding[:167]- Operation not implemented: F036
13:40:33.176 DEBUG o.o.b.s.i.SmartBusBinding[:167]- Operation not implemented: F036
13:40:40.242 DEBUG o.o.b.s.i.SmartBusBinding[:167]- Operation not implemented: F036
13:40:47.307 DEBUG o.o.b.s.i.SmartBusBinding[:167]- Operation not implemented: F036
13:40:54.372 DEBUG o.o.b.s.i.SmartBusBinding[:167]- Operation not implemented: F036
13:41:01.437 DEBUG o.o.b.s.i.SmartBusBinding[:167]- Operation not implemented: F036
13:41:08.503 DEBUG o.o.b.s.i.SmartBusBinding[:167]- Operation not implemented: F036
13:41:15.466 DEBUG o.o.b.s.i.SmartBusBinding[:167]- Operation not implemented: F036
13:41:22.290 DEBUG o.o.b.s.i.SmartBusBinding[:103]- execute() method is called!
13:41:22.290 DEBUG o.o.b.s.i.SmartBusBinding[:104]- RUNNABLE
13:41:22.535 DEBUG o.o.b.s.i.SmartBusBinding[:167]- Operation not implemented: F036
13:41:36.662 DEBUG o.o.b.s.i.SmartBusBinding[:167]- Operation not implemented: F036
13:41:43.728 DEBUG o.o.b.s.i.SmartBusBinding[:167]- Operation not implemented: F036
13:41:44.554 DEBUG o.o.b.s.i.SmartBusBinding[:82]- Autoupdate is off for: Smartbus_1_25_1
13:41:44.564 DEBUG o.o.b.s.i.SmartBusBinding[:115]- internalReceiveCommand() is called!
13:41:50.793 DEBUG o.o.b.s.i.SmartBusBinding[:167]- Operation not implemented: F036
13:41:55.783 DEBUG o.o.b.s.i.SmartBusBinding[:82]- Autoupdate is off for: Smartbus_1_25_1
13:41:55.783 DEBUG o.o.b.s.i.SmartBusBinding[:115]- internalReceiveCommand() is called!
13:41:56.055 DEBUG o.o.b.s.i.SmartBusBinding[:82]- Autoupdate is off for: Smartbus_1_25_1
13:41:56.056 DEBUG o.o.b.s.i.SmartBusBinding[:115]- internalReceiveCommand() is called!
13:41:57.860 DEBUG o.o.b.s.i.SmartBusBinding[:167]- Operation not implemented: F036
13:41:58.194 DEBUG o.o.b.s.i.SmartBusBinding[:82]- Autoupdate is off for: Smartbus_1_25_1
13:41:58.194 DEBUG o.o.b.s.i.SmartBusBinding[:115]- internalReceiveCommand() is called!
13:41:59.063 DEBUG o.o.b.s.i.SmartBusBinding[:82]- Autoupdate is off for: Smartbus_1_25_1
13:41:59.063 DEBUG o.o.b.s.i.SmartBusBinding[:115]- internalReceiveCommand() is called!
13:42:04.925 DEBUG o.o.b.s.i.SmartBusBinding[:167]- Operation not implemented: F036
13:42:11.990 DEBUG o.o.b.s.i.SmartBusBinding[:167]- Operation not implemented: F036
13:42:19.056 DEBUG o.o.b.s.i.SmartBusBinding[:167]- Operation not implemented: F036
13:42:26.121 DEBUG o.o.b.s.i.SmartBusBinding[:167]- Operation not implemented: F036
13:42:33.187 DEBUG o.o.b.s.i.SmartBusBinding[:167]- Operation not implemented: F036
13:42:40.251 DEBUG o.o.b.s.i.SmartBusBinding[:167]- Operation not implemented: F036
13:42:47.316 DEBUG o.o.b.s.i.SmartBusBinding[:167]- Operation not implemented: F036
13:42:54.281 DEBUG o.o.b.s.i.SmartBusBinding[:167]- Operation not implemented: F036
13:43:01.346 DEBUG o.o.b.s.i.SmartBusBinding[:167]- Operation not implemented: F036
13:43:08.412 DEBUG o.o.b.s.i.SmartBusBinding[:167]- Operation not implemented: F036
13:43:15.477 DEBUG o.o.b.s.i.SmartBusBinding[:167]- Operation not implemented: F036
13:43:22.290 DEBUG o.o.b.s.i.SmartBusBinding[:103]- execute() method is called!
13:43:22.290 DEBUG o.o.b.s.i.SmartBusBinding[:104]- RUNNABLE
13:43:22.543 DEBUG o.o.b.s.i.SmartBusBinding[:167]- Operation not implemented: F036
13:43:29.609 DEBUG o.o.b.s.i.SmartBusBinding[:167]- Operation not implemented: F036
13:43:36.674 DEBUG o.o.b.s.i.SmartBusBinding[:167]- Operation not implemented: F036
13:43:43.740 DEBUG o.o.b.s.i.SmartBusBinding[:167]- Operation not implemented: F036
13:43:50.805 DEBUG o.o.b.s.i.SmartBusBinding[:167]- Operation not implemented: F036
13:43:57.870 DEBUG o.o.b.s.i.SmartBusBinding[:167]- Operation not implemented: F036
13:44:04.936 DEBUG o.o.b.s.i.SmartBusBinding[:167]- Operation not implemented: F036
13:44:12.001 DEBUG o.o.b.s.i.SmartBusBinding[:167]- Operation not implemented: F036
13:44:19.066 DEBUG o.o.b.s.i.SmartBusBinding[:167]- Operation not implemented: F036
13:44:26.030 DEBUG o.o.b.s.i.SmartBusBinding[:167]- Operation not implemented: F036
13:44:33.095 DEBUG o.o.b.s.i.SmartBusBinding[:167]- Operation not implemented: F036
13:44:40.161 DEBUG o.o.b.s.i.SmartBusBinding[:167]- Operation not implemented: F036
13:44:47.226 DEBUG o.o.b.s.i.SmartBusBinding[:167]- Operation not implemented: F036
13:44:54.292 DEBUG o.o.b.s.i.SmartBusBinding[:167]- Operation not implemented: F036
13:45:01.358 DEBUG o.o.b.s.i.SmartBusBinding[:167]- Operation not implemented: F036
13:45:08.423 DEBUG o.o.b.s.i.SmartBusBinding[:167]- Operation not implemented: F036
13:45:15.489 DEBUG o.o.b.s.i.SmartBusBinding[:167]- Operation not implemented: F036
13:45:22.291 DEBUG o.o.b.s.i.SmartBusBinding[:103]- execute() method is called!
13:45:22.291 DEBUG o.o.b.s.i.SmartBusBinding[:104]- RUNNABLE
13:45:22.554 DEBUG o.o.b.s.i.SmartBusBinding[:167]- Operation not implemented: F036
13:45:29.620 DEBUG o.o.b.s.i.SmartBusBinding[:167]- Operation not implemented: F036
13:45:36.685 DEBUG o.o.b.s.i.SmartBusBinding[:167]- Operation not implemented: F036
13:45:43.750 DEBUG o.o.b.s.i.SmartBusBinding[:167]- Operation not implemented: F036
13:45:50.714 DEBUG o.o.b.s.i.SmartBusBinding[:167]- Operation not implemented: F036
13:45:57.779 DEBUG o.o.b.s.i.SmartBusBinding[:167]- Operation not implemented: F036
13:46:04.845 DEBUG o.o.b.s.i.SmartBusBinding[:167]- Operation not implemented: F036
13:46:11.910 DEBUG o.o.b.s.i.SmartBusBinding[:167]- Operation not implemented: F036
13:46:18.975 DEBUG o.o.b.s.i.SmartBusBinding[:167]- Operation not implemented: F036
13:46:26.041 DEBUG o.o.b.s.i.SmartBusBinding[:167]- Operation not implemented: F036
13:46:33.106 DEBUG o.o.b.s.i.SmartBusBinding[:167]- Operation not implemented: F036
13:46:40.173 DEBUG o.o.b.s.i.SmartBusBinding[:167]- Operation not implemented: F036
13:46:47.238 DEBUG o.o.b.s.i.SmartBusBinding[:167]- Operation not implemented: F036
13:46:54.304 DEBUG o.o.b.s.i.SmartBusBinding[:167]- Operation not implemented: F036
13:47:01.370 DEBUG o.o.b.s.i.SmartBusBinding[:167]- Operation not implemented: F036
13:47:08.434 DEBUG o.o.b.s.i.SmartBusBinding[:167]- Operation not implemented: F036
13:47:15.499 DEBUG o.o.b.s.i.SmartBusBinding[:167]- Operation not implemented: F036
13:47:22.292 DEBUG o.o.b.s.i.SmartBusBinding[:103]- execute() method is called!
13:47:22.292 DEBUG o.o.b.s.i.SmartBusBinding[:104]- RUNNABLE
13:47:22.565 DEBUG o.o.b.s.i.SmartBusBinding[:167]- Operation not implemented: F036
13:47:29.529 DEBUG o.o.b.s.i.SmartBusBinding[:167]- Operation not implemented: F036
13:47:36.594 DEBUG o.o.b.s.i.SmartBusBinding[:167]- Operation not implemented: F036
13:47:43.659 DEBUG o.o.b.s.i.SmartBusBinding[:167]- Operation not implemented: F036
13:47:50.725 DEBUG o.o.b.s.i.SmartBusBinding[:167]- Operation not implemented: F036
13:47:57.790 DEBUG o.o.b.s.i.SmartBusBinding[:167]- Operation not implemented: F036
13:48:04.857 DEBUG o.o.b.s.i.SmartBusBinding[:167]- Operation not implemented: F036
13:48:11.922 DEBUG o.o.b.s.i.SmartBusBinding[:167]- Operation not implemented: F036
13:48:16.402 DEBUG o.o.b.s.i.SmartBusBinding[:82]- Autoupdate is off for: Smartbus_1_25_1
13:48:16.403 DEBUG o.o.b.s.i.SmartBusBinding[:115]- internalReceiveCommand() is called!
13:48:16.912 DEBUG o.o.b.s.i.SmartBusBinding[:82]- Autoupdate is off for: Smartbus_1_25_1
13:48:16.912 DEBUG o.o.b.s.i.SmartBusBinding[:115]- internalReceiveCommand() is called!
13:48:18.987 DEBUG o.o.b.s.i.SmartBusBinding[:167]- Operation not implemented: F036
13:48:22.274 DEBUG o.o.b.ntp.internal.NtpBinding[:77]- There is no existing NTP binding configuration => refresh cycle aborted!
13:48:26.053 DEBUG o.o.b.s.i.SmartBusBinding[:167]- Operation not implemented: F036
13:48:33.118 DEBUG o.o.b.s.i.SmartBusBinding[:167]- Operation not implemented: F036
13:48:35.114 DEBUG o.o.b.s.i.SmartBusBinding[:82]- Autoupdate is off for: Smartbus_1_25_3
13:48:35.114 DEBUG o.o.b.s.i.SmartBusBinding[:115]- internalReceiveCommand() is called!
13:48:37.704 DEBUG o.o.b.s.i.SmartBusBinding[:82]- Autoupdate is off for: Smartbus_1_25_1
13:48:37.704 DEBUG o.o.b.s.i.SmartBusBinding[:115]- internalReceiveCommand() is called!
13:48:38.681 DEBUG o.o.b.s.i.SmartBusBinding[:82]- Autoupdate is off for: Smartbus_1_25_3
13:48:38.681 DEBUG o.o.b.s.i.SmartBusBinding[:115]- internalReceiveCommand() is called!
13:48:40.185 DEBUG o.o.b.s.i.SmartBusBinding[:167]- Operation not implemented: F036
13:48:47.249 DEBUG o.o.b.s.i.SmartBusBinding[:167]- Operation not implemented: F036
13:48:54.212 DEBUG o.o.b.s.i.SmartBusBinding[:167]- Operation not implemented: F036
13:49:01.279 DEBUG o.o.b.s.i.SmartBusBinding[:167]- Operation not implemented: F036
13:49:14.897 DEBUG o.o.b.s.i.SmartBusBinding[:167]- Operation not implemented: F036
13:49:21.962 DEBUG o.o.b.s.i.SmartBusBinding[:167]- Operation not implemented: F036
13:49:22.293 DEBUG o.o.b.s.i.SmartBusBinding[:103]- execute() method is called!
13:49:22.293 DEBUG o.o.b.s.i.SmartBusBinding[:104]- RUNNABLE
13:49:32.862 DEBUG o.o.b.s.i.SmartBusBinding[:82]- Autoupdate is off for: Smartbus_1_25_2
13:49:32.862 DEBUG o.o.b.s.i.SmartBusBinding[:115]- internalReceiveCommand() is called!
13:49:35.991 DEBUG o.o.b.s.i.SmartBusBinding[:167]- Operation not implemented: F036
13:49:37.241 DEBUG o.o.b.s.i.SmartBusBinding[:82]- Autoupdate is off for: Smartbus_1_25_1
13:49:37.241 DEBUG o.o.b.s.i.SmartBusBinding[:115]- internalReceiveCommand() is called!
13:49:43.056 DEBUG o.o.b.s.i.SmartBusBinding[:167]- Operation not implemented: F036
13:49:50.122 DEBUG o.o.b.s.i.SmartBusBinding[:167]- Operation not implemented: F036
13:49:57.188 DEBUG o.o.b.s.i.SmartBusBinding[:167]- Operation not implemented: F036
13:50:04.253 DEBUG o.o.b.s.i.SmartBusBinding[:167]- Operation not implemented: F036
13:50:11.319 DEBUG o.o.b.s.i.SmartBusBinding[:167]- Operation not implemented: F036
13:50:18.384 DEBUG o.o.b.s.i.SmartBusBinding[:167]- Operation not implemented: F036
13:50:25.450 DEBUG o.o.b.s.i.SmartBusBinding[:167]- Operation not implemented: F036
13:50:32.515 DEBUG o.o.b.s.i.SmartBusBinding[:167]- Operation not implemented: F036
13:50:39.581 DEBUG o.o.b.s.i.SmartBusBinding[:167]- Operation not implemented: F036
13:50:46.646 DEBUG o.o.b.s.i.SmartBusBinding[:167]- Operation not implemented: F036
13:50:53.711 DEBUG o.o.b.s.i.SmartBusBinding[:167]- Operation not implemented: F036
13:51:00.777 DEBUG o.o.b.s.i.SmartBusBinding[:167]- Operation not implemented: F036
13:51:07.842 DEBUG o.o.b.s.i.SmartBusBinding[:167]- Operation not implemented: F036
13:51:14.805 DEBUG o.o.b.s.i.SmartBusBinding[:167]- Operation not implemented: F036
13:51:21.872 DEBUG o.o.b.s.i.SmartBusBinding[:167]- Operation not implemented: F036
13:51:22.294 DEBUG o.o.b.s.i.SmartBusBinding[:103]- execute() method is called!
13:51:22.294 DEBUG o.o.b.s.i.SmartBusBinding[:104]- RUNNABLE
13:51:28.937 DEBUG o.o.b.s.i.SmartBusBinding[:167]- Operation not implemented: F036
13:51:36.005 DEBUG o.o.b.s.i.SmartBusBinding[:167]- Operation not implemented: F036
13:51:43.069 DEBUG o.o.b.s.i.SmartBusBinding[:167]- Operation not implemented: F036
13:51:50.134 DEBUG o.o.b.s.i.SmartBusBinding[:167]- Operation not implemented: F036
13:51:57.201 DEBUG o.o.b.s.i.SmartBusBinding[:167]- Operation not implemented: F036
13:52:04.264 DEBUG o.o.b.s.i.SmartBusBinding[:167]- Operation not implemented: F036
13:52:11.330 DEBUG o.o.b.s.i.SmartBusBinding[:167]- Operation not implemented: F036
13:52:18.395 DEBUG o.o.b.s.i.SmartBusBinding[:167]- Operation not implemented: F036
13:52:25.460 DEBUG o.o.b.s.i.SmartBusBinding[:167]- Operation not implemented: F036
13:52:32.527 DEBUG o.o.b.s.i.SmartBusBinding[:167]- Operation not implemented: F036
13:52:39.489 DEBUG o.o.b.s.i.SmartBusBinding[:167]- Operation not implemented: F036
13:52:46.555 DEBUG o.o.b.s.i.SmartBusBinding[:167]- Operation not implemented: F036
13:52:53.622 DEBUG o.o.b.s.i.SmartBusBinding[:167]- Operation not implemented: F036
13:53:00.687 DEBUG o.o.b.s.i.SmartBusBinding[:167]- Operation not implemented: F036
13:53:07.754 DEBUG o.o.b.s.i.SmartBusBinding[:167]- Operation not implemented: F036
13:53:14.818 DEBUG o.o.b.s.i.SmartBusBinding[:167]- Operation not implemented: F036
13:53:21.883 DEBUG o.o.b.s.i.SmartBusBinding[:167]- Operation not implemented: F036
13:53:22.295 DEBUG o.o.b.s.i.SmartBusBinding[:103]- execute() method is called!
13:53:22.295 DEBUG o.o.b.s.i.SmartBusBinding[:104]- RUNNABLE
13:53:28.948 DEBUG o.o.b.s.i.SmartBusBinding[:167]- Operation not implemented: F036
13:53:36.013 DEBUG o.o.b.s.i.SmartBusBinding[:167]- Operation not implemented: F036
13:53:43.079 DEBUG o.o.b.s.i.SmartBusBinding[:167]- Operation not implemented: F036
13:53:50.146 DEBUG o.o.b.s.i.SmartBusBinding[:167]- Operation not implemented: F036
13:53:57.211 DEBUG o.o.b.s.i.SmartBusBinding[:167]- Operation not implemented: F036
13:54:04.275 DEBUG o.o.b.s.i.SmartBusBinding[:167]- Operation not implemented: F036
13:54:11.239 DEBUG o.o.b.s.i.SmartBusBinding[:167]- Operation not implemented: F036
13:54:18.305 DEBUG o.o.b.s.i.SmartBusBinding[:167]- Operation not implemented: F036
13:54:25.370 DEBUG o.o.b.s.i.SmartBusBinding[:167]- Operation not implemented: F036
13:54:32.436 DEBUG o.o.b.s.i.SmartBusBinding[:167]- Operation not implemented: F036
13:54:39.501 DEBUG o.o.b.s.i.SmartBusBinding[:167]- Operation not implemented: F036
13:54:46.567 DEBUG o.o.b.s.i.SmartBusBinding[:167]- Operation not implemented: F036
13:54:53.632 DEBUG o.o.b.s.i.SmartBusBinding[:167]- Operation not implemented: F036
13:55:00.697 DEBUG o.o.b.s.i.SmartBusBinding[:167]- Operation not implemented: F036
13:55:07.763 DEBUG o.o.b.s.i.SmartBusBinding[:167]- Operation not implemented: F036
13:55:14.828 DEBUG o.o.b.s.i.SmartBusBinding[:167]- Operation not implemented: F036
13:55:21.895 DEBUG o.o.b.s.i.SmartBusBinding[:167]- Operation not implemented: F036
13:55:22.296 DEBUG o.o.b.s.i.SmartBusBinding[:103]- execute() method is called!
13:55:22.296 DEBUG o.o.b.s.i.SmartBusBinding[:104]- RUNNABLE
13:55:28.960 DEBUG o.o.b.s.i.SmartBusBinding[:167]- Operation not implemented: F036
13:55:35.922 DEBUG o.o.b.s.i.SmartBusBinding[:167]- Operation not implemented: F036
13:55:42.988 DEBUG o.o.b.s.i.SmartBusBinding[:167]- Operation not implemented: F036
13:55:50.054 DEBUG o.o.b.s.i.SmartBusBinding[:167]- Operation not implemented: F036
13:55:57.120 DEBUG o.o.b.s.i.SmartBusBinding[:167]- Operation not implemented: F036
13:56:04.185 DEBUG o.o.b.s.i.SmartBusBinding[:167]- Operation not implemented: F036
13:56:11.250 DEBUG o.o.b.s.i.SmartBusBinding[:167]- Operation not implemented: F036
13:56:18.316 DEBUG o.o.b.s.i.SmartBusBinding[:167]- Operation not implemented: F036
13:56:25.381 DEBUG o.o.b.s.i.SmartBusBinding[:167]- Operation not implemented: F036
13:56:32.449 DEBUG o.o.b.s.i.SmartBusBinding[:167]- Operation not implemented: F036
13:56:39.512 DEBUG o.o.b.s.i.SmartBusBinding[:167]- Operation not implemented: F036
13:56:46.577 DEBUG o.o.b.s.i.SmartBusBinding[:167]- Operation not implemented: F036
13:56:53.645 DEBUG o.o.b.s.i.SmartBusBinding[:167]- Operation not implemented: F036
13:57:00.708 DEBUG o.o.b.s.i.SmartBusBinding[:167]- Operation not implemented: F036
13:57:07.774 DEBUG o.o.b.s.i.SmartBusBinding[:167]- Operation not implemented: F036
13:57:14.737 DEBUG o.o.b.s.i.SmartBusBinding[:167]- Operation not implemented: F036
13:57:21.803 DEBUG o.o.b.s.i.SmartBusBinding[:167]- Operation not implemented: F036
13:57:22.296 DEBUG o.o.b.s.i.SmartBusBinding[:103]- execute() method is called!
13:57:22.296 DEBUG o.o.b.s.i.SmartBusBinding[:104]- RUNNABLE
13:57:28.868 DEBUG o.o.b.s.i.SmartBusBinding[:167]- Operation not implemented: F036
13:57:35.934 DEBUG o.o.b.s.i.SmartBusBinding[:167]- Operation not implemented: F036
13:57:43.000 DEBUG o.o.b.s.i.SmartBusBinding[:167]- Operation not implemented: F036
13:57:50.065 DEBUG o.o.b.s.i.SmartBusBinding[:167]- Operation not implemented: F036
13:57:57.130 DEBUG o.o.b.s.i.SmartBusBinding[:167]- Operation not implemented: F036
13:58:04.196 DEBUG o.o.b.s.i.SmartBusBinding[:167]- Operation not implemented: F036
13:58:11.261 DEBUG o.o.b.s.i.SmartBusBinding[:167]- Operation not implemented: F036
13:58:18.327 DEBUG o.o.b.s.i.SmartBusBinding[:167]- Operation not implemented: F036
13:58:25.392 DEBUG o.o.b.s.i.SmartBusBinding[:167]- Operation not implemented: F036
13:58:32.457 DEBUG o.o.b.s.i.SmartBusBinding[:167]- Operation not implemented: F036
13:58:39.421 DEBUG o.o.b.s.i.SmartBusBinding[:167]- Operation not implemented: F036
13:58:46.486 DEBUG o.o.b.s.i.SmartBusBinding[:167]- Operation not implemented: F036
13:58:53.552 DEBUG o.o.b.s.i.SmartBusBinding[:167]- Operation not implemented: F036
13:59:00.618 DEBUG o.o.b.s.i.SmartBusBinding[:167]- Operation not implemented: F036
13:59:07.683 DEBUG o.o.b.s.i.SmartBusBinding[:167]- Operation not implemented: F036
13:59:14.749 DEBUG o.o.b.s.i.SmartBusBinding[:167]- Operation not implemented: F036
13:59:21.814 DEBUG o.o.b.s.i.SmartBusBinding[:167]- Operation not implemented: F036
13:59:22.297 DEBUG o.o.b.s.i.SmartBusBinding[:103]- execute() method is called!
13:59:22.297 DEBUG o.o.b.s.i.SmartBusBinding[:104]- RUNNABLE
13:59:28.880 DEBUG o.o.b.s.i.SmartBusBinding[:167]- Operation not implemented: F036
13:59:35.945 DEBUG o.o.b.s.i.SmartBusBinding[:167]- Operation not implemented: F036
13:59:43.032 DEBUG o.o.b.s.i.SmartBusBinding[:167]- Operation not implemented: F036
13:59:57.141 DEBUG o.o.b.s.i.SmartBusBinding[:167]- Operation not implemented: F036
14:00:04.207 DEBUG o.o.b.s.i.SmartBusBinding[:167]- Operation not implemented: F036
14:00:11.170 DEBUG o.o.b.s.i.SmartBusBinding[:167]- Operation not implemented: F036
14:00:18.235 DEBUG o.o.b.s.i.SmartBusBinding[:167]- Operation not implemented: F036
14:00:25.301 DEBUG o.o.b.s.i.SmartBusBinding[:167]- Operation not implemented: F036
14:00:32.367 DEBUG o.o.b.s.i.SmartBusBinding[:167]- Operation not implemented: F036
14:00:39.433 DEBUG o.o.b.s.i.SmartBusBinding[:167]- Operation not implemented: F036
14:00:46.498 DEBUG o.o.b.s.i.SmartBusBinding[:167]- Operation not implemented: F036
14:00:50.561 DEBUG o.o.p.d.i.Db4oPersistenceService[:275]- Cannot roll back transaction because database is closed: null
14:00:51.090 INFO  o.o.i.r.i.RESTApplication[:154]- Stopped REST API
14:00:51.091 DEBUG o.o.i.s.i.DiscoveryServiceImpl[:57]- Unregistering service _openhab-server._tcp.local. at port 8080
14:00:53.093 DEBUG o.o.i.s.i.DiscoveryServiceImpl[:57]- Unregistering service _openhab-server-ssl._tcp.local. at port 8443
14:00:53.568 DEBUG o.o.b.s.i.SmartBusBinding[:167]- Operation not implemented: F036
14:00:55.562 DEBUG o.o.p.d.i.Db4oPersistenceService[:275]- Cannot roll back transaction because database is closed: null
14:01:00.561 DEBUG o.o.p.d.i.Db4oPersistenceService[:275]- Cannot roll back transaction because database is closed: null
14:01:00.629 DEBUG o.o.b.s.i.SmartBusBinding[:167]- Operation not implemented: F036
14:01:05.561 DEBUG o.o.p.d.i.Db4oPersistenceService[:275]- Cannot roll back transaction because database is closed: null
14:01:07.701 DEBUG o.o.b.s.i.SmartBusBinding[:167]- Operation not implemented: F036
14:01:10.561 DEBUG o.o.p.d.i.Db4oPersistenceService[:275]- Cannot roll back transaction because database is closed: null
14:01:14.762 DEBUG o.o.b.s.i.SmartBusBinding[:167]- Operation not implemented: F036
14:01:15.562 DEBUG o.o.p.d.i.Db4oPersistenceService[:275]- Cannot roll back transaction because database is closed: null
14:01:16.438 INFO  o.o.u.w.i.s.WebAppServlet[:90]- Stopped Classic UI
